The system is: Linux - sh: 0: getcwd() failed: No such file or directory
4.19.0-11-amd64 - sh: 0: getcwd() failed: No such file or directory
x86_64
Determining if the C compiler works passed with the following output:
Change Dir: /home/180110505/Operating-System-2020Fall-file-system/build/CMakeFiles/CMakeTmp

Run Build Command:"/usr/bin/make" "cmTC_e6d3c/fast"
/usr/bin/make -f CMakeFiles/cmTC_e6d3c.dir/build.make CMakeFiles/cmTC_e6d3c.dir/build
make[1]: Entering directory '/home/180110505/Operating-System-2020Fall-file-system/build/CMakeFiles/CMakeTmp'
Building C object CMakeFiles/cmTC_e6d3c.dir/testCCompiler.c.o
/bin/gcc-8    -o CMakeFiles/cmTC_e6d3c.dir/testCCompiler.c.o   -c /home/180110505/Operating-System-2020Fall-file-system/build/CMakeFiles/CMakeTmp/testCCompiler.c
Linking C executable cmTC_e6d3c
/usr/bin/cmake -E cmake_link_script CMakeFiles/cmTC_e6d3c.dir/link.txt --verbose=1
/bin/gcc-8      CMakeFiles/cmTC_e6d3c.dir/testCCompiler.c.o  -o cmTC_e6d3c 
make[1]: Leaving directory '/home/180110505/Operating-System-2020Fall-file-system/build/CMakeFiles/CMakeTmp'


Detecting C compiler ABI info compiled with the following output:
Change Dir: /home/180110505/Operating-System-2020Fall-file-system/build/CMakeFiles/CMakeTmp

Run Build Command:"/usr/bin/make" "cmTC_ca416/fast"
/usr/bin/make -f CMakeFiles/cmTC_ca416.dir/build.make CMakeFiles/cmTC_ca416.dir/build
make[1]: Entering directory '/home/180110505/Operating-System-2020Fall-file-system/build/CMakeFiles/CMakeTmp'
Building C object CMakeFiles/cmTC_ca416.dir/CMakeCCompilerABI.c.o
/bin/gcc-8    -o CMakeFiles/cmTC_ca416.dir/CMakeCCompilerABI.c.o   -c /usr/share/cmake-3.13/Modules/CMakeCCompilerABI.c
Linking C executable cmTC_ca416
/usr/bin/cmake -E cmake_link_script CMakeFiles/cmTC_ca416.dir/link.txt --verbose=1
/bin/gcc-8      CMakeFiles/cmTC_ca416.dir/CMakeCCompilerABI.c.o  -o cmTC_ca416 
make[1]: Leaving directory '/home/180110505/Operating-System-2020Fall-file-system/build/CMakeFiles/CMakeTmp'


Determining if the CXX compiler works passed with the following output:
Change Dir: /home/180110505/Operating-System-2020Fall-file-system/build/CMakeFiles/CMakeTmp

Run Build Command:"/usr/bin/make" "cmTC_77565/fast"
/usr/bin/make -f CMakeFiles/cmTC_77565.dir/build.make CMakeFiles/cmTC_77565.dir/build
make[1]: Entering directory '/home/180110505/Operating-System-2020Fall-file-system/build/CMakeFiles/CMakeTmp'
Building CXX object CMakeFiles/cmTC_77565.dir/testCXXCompiler.cxx.o
/bin/g++-8     -o CMakeFiles/cmTC_77565.dir/testCXXCompiler.cxx.o -c /home/180110505/Operating-System-2020Fall-file-system/build/CMakeFiles/CMakeTmp/testCXXCompiler.cxx
Linking CXX executable cmTC_77565
/usr/bin/cmake -E cmake_link_script CMakeFiles/cmTC_77565.dir/link.txt --verbose=1
/bin/g++-8       CMakeFiles/cmTC_77565.dir/testCXXCompiler.cxx.o  -o cmTC_77565 
make[1]: Leaving directory '/home/180110505/Operating-System-2020Fall-file-system/build/CMakeFiles/CMakeTmp'


Detecting CXX compiler ABI info compiled with the following output:
Change Dir: /home/180110505/Operating-System-2020Fall-file-system/build/CMakeFiles/CMakeTmp

Run Build Command:"/usr/bin/make" "cmTC_f4632/fast"
/usr/bin/make -f CMakeFiles/cmTC_f4632.dir/build.make CMakeFiles/cmTC_f4632.dir/build
make[1]: Entering directory '/home/180110505/Operating-System-2020Fall-file-system/build/CMakeFiles/CMakeTmp'
Building CXX object CMakeFiles/cmTC_f4632.dir/CMakeCXXCompilerABI.cpp.o
/bin/g++-8     -o CMakeFiles/cmTC_f4632.dir/CMakeCXXCompilerABI.cpp.o -c /usr/share/cmake-3.13/Modules/CMakeCXXCompilerABI.cpp
Linking CXX executable cmTC_f4632
/usr/bin/cmake -E cmake_link_script CMakeFiles/cmTC_f4632.dir/link.txt --verbose=1
/bin/g++-8       CMakeFiles/cmTC_f4632.dir/CMakeCXXCompilerABI.cpp.o  -o cmTC_f4632 
make[1]: Leaving directory '/home/180110505/Operating-System-2020Fall-file-system/build/CMakeFiles/CMakeTmp'


